

Started GET "/" for ::1 at 2020-03-03 15:35:33 +0530
Processing by Rails::WelcomeController#index as HTML
  Rendered /Users/ajravichandran/.rvm/rubies/ruby-2.6.3/lib/ruby/gems/2.6.0/gems/railties-4.2.11.1/lib/rails/templates/rails/welcome/index.html.erb (1.5ms)
Completed 200 OK in 16ms (Views: 10.3ms | ActiveRecord: 0.0ms)


Started GET "/recipes/index" for ::1 at 2020-03-03 15:35:46 +0530
Processing by RecipesController#index as HTML
  Rendered recipes/index.html.erb within layouts/application (0.3ms)
Completed 200 OK in 1609ms (Views: 677.5ms | ActiveRecord: 0.0ms)


Started GET "/assets/recipes.self-e3b0c44298fc1c149afbf4c8996fb92427ae41e4649b934ca495991b7852b855.css?body=1" for ::1 at 2020-03-03 15:35:47 +0530


Started GET "/assets/application.self-e80e8f2318043e8af94dddc2adad5a4f09739a8ebb323b3ab31cd71d45fd9113.css?body=1" for ::1 at 2020-03-03 15:35:47 +0530


Started GET "/assets/turbolinks.self-569ee74eaa15c1e2019317ff770b8769b1ec033a0f572a485f64c82ddc8f989e.js?body=1" for ::1 at 2020-03-03 15:35:47 +0530


Started GET "/assets/recipes.self-877aef30ae1b040ab8a3aba4e3e309a11d7f2612f44dde450b5c157aa5f95c05.js?body=1" for ::1 at 2020-03-03 15:35:47 +0530


Started GET "/assets/jquery.self-bd7ddd393353a8d2480a622e80342adf488fb6006d667e8b42e4c0073393abee.js?body=1" for ::1 at 2020-03-03 15:35:47 +0530


Started GET "/assets/jquery_ujs.self-784a997f6726036b1993eb2217c9cb558e1cbb801c6da88105588c56f13b466a.js?body=1" for ::1 at 2020-03-03 15:35:47 +0530


Started GET "/assets/application.self-3b8dabdc891efe46b9a144b400ad69e37d7e5876bdc39dee783419a69d7ca819.js?body=1" for ::1 at 2020-03-03 15:35:47 +0530


Started GET "/recipes/index" for ::1 at 2020-03-03 15:50:20 +0530
Processing by RecipesController#index as HTML
  Rendered recipes/index.html.erb within layouts/application (0.5ms)
Completed 200 OK in 640ms (Views: 22.7ms | ActiveRecord: 0.0ms)


Started GET "/recipes/index" for ::1 at 2020-03-03 15:50:21 +0530
Processing by RecipesController#index as HTML
  Rendered recipes/index.html.erb within layouts/application (0.0ms)
Completed 200 OK in 632ms (Views: 22.9ms | ActiveRecord: 0.0ms)


Started GET "/recipes/index" for ::1 at 2020-03-03 15:51:52 +0530
Processing by RecipesController#index as HTML
  Rendered recipes/index.html.erb within layouts/application (0.8ms)
Completed 200 OK in 594ms (Views: 14.0ms | ActiveRecord: 0.0ms)


Started GET "/recipes/index" for ::1 at 2020-03-03 15:55:12 +0530
Processing by RecipesController#index as HTML
  Rendered recipes/index.html.erb within layouts/application (1.0ms)
Completed 500 Internal Server Error in 749ms (ActiveRecord: 0.0ms)

SyntaxError (/Users/ajravichandran/Downloads/recipe_puppy_bootstrap-master/app/views/recipes/index.html.erb:22: syntax error, unexpected ensure, expecting end-of-input
          ensure
          ^~~~~~):
  app/views/recipes/index.html.erb:22: syntax error, unexpected ensure, expecting end-of-input


  Rendered /Users/ajravichandran/.rvm/rubies/ruby-2.6.3/lib/ruby/gems/2.6.0/gems/actionpack-4.2.11.1/lib/action_dispatch/middleware/templates/rescues/_source.erb (3.8ms)
  Rendered /Users/ajravichandran/.rvm/rubies/ruby-2.6.3/lib/ruby/gems/2.6.0/gems/actionpack-4.2.11.1/lib/action_dispatch/middleware/templates/rescues/_trace.html.erb (2.0ms)
  Rendered /Users/ajravichandran/.rvm/rubies/ruby-2.6.3/lib/ruby/gems/2.6.0/gems/actionpack-4.2.11.1/lib/action_dispatch/middleware/templates/rescues/_request_and_response.html.erb (0.7ms)
  Rendered /Users/ajravichandran/.rvm/rubies/ruby-2.6.3/lib/ruby/gems/2.6.0/gems/actionpack-4.2.11.1/lib/action_dispatch/middleware/templates/rescues/diagnostics.html.erb within rescues/layout (23.5ms)
  Rendered /Users/ajravichandran/.rvm/gems/ruby-2.6.3/gems/web-console-2.3.0/lib/web_console/templates/_markup.html.erb (0.3ms)
  Rendered /Users/ajravichandran/.rvm/gems/ruby-2.6.3/gems/web-console-2.3.0/lib/web_console/templates/_inner_console_markup.html.erb within layouts/inlined_string (0.3ms)
  Rendered /Users/ajravichandran/.rvm/gems/ruby-2.6.3/gems/web-console-2.3.0/lib/web_console/templates/_prompt_box_markup.html.erb within layouts/inlined_string (0.2ms)
  Rendered /Users/ajravichandran/.rvm/gems/ruby-2.6.3/gems/web-console-2.3.0/lib/web_console/templates/style.css.erb within layouts/inlined_string (0.2ms)
  Rendered /Users/ajravichandran/.rvm/gems/ruby-2.6.3/gems/web-console-2.3.0/lib/web_console/templates/console.js.erb within layouts/javascript (20.2ms)
  Rendered /Users/ajravichandran/.rvm/gems/ruby-2.6.3/gems/web-console-2.3.0/lib/web_console/templates/main.js.erb within layouts/javascript (0.2ms)
  Rendered /Users/ajravichandran/.rvm/gems/ruby-2.6.3/gems/web-console-2.3.0/lib/web_console/templates/error_page.js.erb within layouts/javascript (0.3ms)
  Rendered /Users/ajravichandran/.rvm/gems/ruby-2.6.3/gems/web-console-2.3.0/lib/web_console/templates/index.html.erb (43.3ms)


Started GET "/recipes/index" for ::1 at 2020-03-03 15:56:14 +0530
Processing by RecipesController#index as HTML
  Rendered recipes/index.html.erb within layouts/application (0.8ms)
Completed 500 Internal Server Error in 597ms (ActiveRecord: 0.0ms)

SyntaxError (/Users/ajravichandran/Downloads/recipe_puppy_bootstrap-master/app/views/recipes/index.html.erb:22: syntax error, unexpected ensure, expecting end-of-input
          ensure
          ^~~~~~):
  app/views/recipes/index.html.erb:22: syntax error, unexpected ensure, expecting end-of-input


  Rendered /Users/ajravichandran/.rvm/rubies/ruby-2.6.3/lib/ruby/gems/2.6.0/gems/actionpack-4.2.11.1/lib/action_dispatch/middleware/templates/rescues/_source.erb (3.2ms)
  Rendered /Users/ajravichandran/.rvm/rubies/ruby-2.6.3/lib/ruby/gems/2.6.0/gems/actionpack-4.2.11.1/lib/action_dispatch/middleware/templates/rescues/_trace.html.erb (1.6ms)
  Rendered /Users/ajravichandran/.rvm/rubies/ruby-2.6.3/lib/ruby/gems/2.6.0/gems/actionpack-4.2.11.1/lib/action_dispatch/middleware/templates/rescues/_request_and_response.html.erb (0.6ms)
  Rendered /Users/ajravichandran/.rvm/rubies/ruby-2.6.3/lib/ruby/gems/2.6.0/gems/actionpack-4.2.11.1/lib/action_dispatch/middleware/templates/rescues/diagnostics.html.erb within rescues/layout (14.5ms)
  Rendered /Users/ajravichandran/.rvm/gems/ruby-2.6.3/gems/web-console-2.3.0/lib/web_console/templates/_markup.html.erb (0.2ms)
  Rendered /Users/ajravichandran/.rvm/gems/ruby-2.6.3/gems/web-console-2.3.0/lib/web_console/templates/_inner_console_markup.html.erb within layouts/inlined_string (0.2ms)
  Rendered /Users/ajravichandran/.rvm/gems/ruby-2.6.3/gems/web-console-2.3.0/lib/web_console/templates/_prompt_box_markup.html.erb within layouts/inlined_string (0.2ms)
  Rendered /Users/ajravichandran/.rvm/gems/ruby-2.6.3/gems/web-console-2.3.0/lib/web_console/templates/style.css.erb within layouts/inlined_string (0.2ms)
  Rendered /Users/ajravichandran/.rvm/gems/ruby-2.6.3/gems/web-console-2.3.0/lib/web_console/templates/console.js.erb within layouts/javascript (10.3ms)
  Rendered /Users/ajravichandran/.rvm/gems/ruby-2.6.3/gems/web-console-2.3.0/lib/web_console/templates/main.js.erb within layouts/javascript (0.2ms)
  Rendered /Users/ajravichandran/.rvm/gems/ruby-2.6.3/gems/web-console-2.3.0/lib/web_console/templates/error_page.js.erb within layouts/javascript (0.2ms)
  Rendered /Users/ajravichandran/.rvm/gems/ruby-2.6.3/gems/web-console-2.3.0/lib/web_console/templates/index.html.erb (20.8ms)


Started GET "/recipes/index" for ::1 at 2020-03-03 15:56:15 +0530
Processing by RecipesController#index as HTML
  Rendered recipes/index.html.erb within layouts/application (0.6ms)
Completed 500 Internal Server Error in 489ms (ActiveRecord: 0.0ms)

SyntaxError (/Users/ajravichandran/Downloads/recipe_puppy_bootstrap-master/app/views/recipes/index.html.erb:22: syntax error, unexpected ensure, expecting end-of-input
          ensure
          ^~~~~~):
  app/views/recipes/index.html.erb:22: syntax error, unexpected ensure, expecting end-of-input


  Rendered /Users/ajravichandran/.rvm/rubies/ruby-2.6.3/lib/ruby/gems/2.6.0/gems/actionpack-4.2.11.1/lib/action_dispatch/middleware/templates/rescues/_source.erb (3.5ms)
  Rendered /Users/ajravichandran/.rvm/rubies/ruby-2.6.3/lib/ruby/gems/2.6.0/gems/actionpack-4.2.11.1/lib/action_dispatch/middleware/templates/rescues/_trace.html.erb (1.7ms)
  Rendered /Users/ajravichandran/.rvm/rubies/ruby-2.6.3/lib/ruby/gems/2.6.0/gems/actionpack-4.2.11.1/lib/action_dispatch/middleware/templates/rescues/_request_and_response.html.erb (0.6ms)
  Rendered /Users/ajravichandran/.rvm/rubies/ruby-2.6.3/lib/ruby/gems/2.6.0/gems/actionpack-4.2.11.1/lib/action_dispatch/middleware/templates/rescues/diagnostics.html.erb within rescues/layout (16.2ms)
  Rendered /Users/ajravichandran/.rvm/gems/ruby-2.6.3/gems/web-console-2.3.0/lib/web_console/templates/_markup.html.erb (0.2ms)
  Rendered /Users/ajravichandran/.rvm/gems/ruby-2.6.3/gems/web-console-2.3.0/lib/web_console/templates/_inner_console_markup.html.erb within layouts/inlined_string (0.2ms)
  Rendered /Users/ajravichandran/.rvm/gems/ruby-2.6.3/gems/web-console-2.3.0/lib/web_console/templates/_prompt_box_markup.html.erb within layouts/inlined_string (0.2ms)
  Rendered /Users/ajravichandran/.rvm/gems/ruby-2.6.3/gems/web-console-2.3.0/lib/web_console/templates/style.css.erb within layouts/inlined_string (0.2ms)
  Rendered /Users/ajravichandran/.rvm/gems/ruby-2.6.3/gems/web-console-2.3.0/lib/web_console/templates/console.js.erb within layouts/javascript (10.0ms)
  Rendered /Users/ajravichandran/.rvm/gems/ruby-2.6.3/gems/web-console-2.3.0/lib/web_console/templates/main.js.erb within layouts/javascript (0.2ms)
  Rendered /Users/ajravichandran/.rvm/gems/ruby-2.6.3/gems/web-console-2.3.0/lib/web_console/templates/error_page.js.erb within layouts/javascript (0.2ms)
  Rendered /Users/ajravichandran/.rvm/gems/ruby-2.6.3/gems/web-console-2.3.0/lib/web_console/templates/index.html.erb (20.5ms)


Started GET "/recipes/index" for ::1 at 2020-03-03 15:56:16 +0530
Processing by RecipesController#index as HTML
  Rendered recipes/index.html.erb within layouts/application (0.6ms)
Completed 500 Internal Server Error in 555ms (ActiveRecord: 0.0ms)

SyntaxError (/Users/ajravichandran/Downloads/recipe_puppy_bootstrap-master/app/views/recipes/index.html.erb:22: syntax error, unexpected ensure, expecting end-of-input
          ensure
          ^~~~~~):
  app/views/recipes/index.html.erb:22: syntax error, unexpected ensure, expecting end-of-input


  Rendered /Users/ajravichandran/.rvm/rubies/ruby-2.6.3/lib/ruby/gems/2.6.0/gems/actionpack-4.2.11.1/lib/action_dispatch/middleware/templates/rescues/_source.erb (3.2ms)
  Rendered /Users/ajravichandran/.rvm/rubies/ruby-2.6.3/lib/ruby/gems/2.6.0/gems/actionpack-4.2.11.1/lib/action_dispatch/middleware/templates/rescues/_trace.html.erb (1.6ms)
  Rendered /Users/ajravichandran/.rvm/rubies/ruby-2.6.3/lib/ruby/gems/2.6.0/gems/actionpack-4.2.11.1/lib/action_dispatch/middleware/templates/rescues/_request_and_response.html.erb (0.7ms)
  Rendered /Users/ajravichandran/.rvm/rubies/ruby-2.6.3/lib/ruby/gems/2.6.0/gems/actionpack-4.2.11.1/lib/action_dispatch/middleware/templates/rescues/diagnostics.html.erb within rescues/layout (15.3ms)
  Rendered /Users/ajravichandran/.rvm/gems/ruby-2.6.3/gems/web-console-2.3.0/lib/web_console/templates/_markup.html.erb (0.2ms)
  Rendered /Users/ajravichandran/.rvm/gems/ruby-2.6.3/gems/web-console-2.3.0/lib/web_console/templates/_inner_console_markup.html.erb within layouts/inlined_string (0.2ms)
  Rendered /Users/ajravichandran/.rvm/gems/ruby-2.6.3/gems/web-console-2.3.0/lib/web_console/templates/_prompt_box_markup.html.erb within layouts/inlined_string (0.2ms)
  Rendered /Users/ajravichandran/.rvm/gems/ruby-2.6.3/gems/web-console-2.3.0/lib/web_console/templates/style.css.erb within layouts/inlined_string (0.2ms)
  Rendered /Users/ajravichandran/.rvm/gems/ruby-2.6.3/gems/web-console-2.3.0/lib/web_console/templates/console.js.erb within layouts/javascript (10.8ms)
  Rendered /Users/ajravichandran/.rvm/gems/ruby-2.6.3/gems/web-console-2.3.0/lib/web_console/templates/main.js.erb within layouts/javascript (0.2ms)
  Rendered /Users/ajravichandran/.rvm/gems/ruby-2.6.3/gems/web-console-2.3.0/lib/web_console/templates/error_page.js.erb within layouts/javascript (0.2ms)
  Rendered /Users/ajravichandran/.rvm/gems/ruby-2.6.3/gems/web-console-2.3.0/lib/web_console/templates/index.html.erb (21.4ms)


Started POST "/__web_console/repl_sessions/0d7b94d9ff204ac6b482b0f65cacf330/trace" for ::1 at 2020-03-03 15:56:19 +0530


Started GET "/recipes/index" for ::1 at 2020-03-03 16:02:26 +0530
Processing by RecipesController#index as HTML
  Rendered recipes/index.html.erb within layouts/application (0.5ms)
Completed 500 Internal Server Error in 570ms (ActiveRecord: 0.0ms)

SyntaxError (/Users/ajravichandran/Downloads/recipe_puppy_bootstrap-master/app/views/recipes/index.html.erb:22: syntax error, unexpected ensure, expecting end-of-input
          ensure
          ^~~~~~):
  app/views/recipes/index.html.erb:22: syntax error, unexpected ensure, expecting end-of-input


  Rendered /Users/ajravichandran/.rvm/rubies/ruby-2.6.3/lib/ruby/gems/2.6.0/gems/actionpack-4.2.11.1/lib/action_dispatch/middleware/templates/rescues/_source.erb (3.2ms)
  Rendered /Users/ajravichandran/.rvm/rubies/ruby-2.6.3/lib/ruby/gems/2.6.0/gems/actionpack-4.2.11.1/lib/action_dispatch/middleware/templates/rescues/_trace.html.erb (1.5ms)
  Rendered /Users/ajravichandran/.rvm/rubies/ruby-2.6.3/lib/ruby/gems/2.6.0/gems/actionpack-4.2.11.1/lib/action_dispatch/middleware/templates/rescues/_request_and_response.html.erb (0.6ms)
  Rendered /Users/ajravichandran/.rvm/rubies/ruby-2.6.3/lib/ruby/gems/2.6.0/gems/actionpack-4.2.11.1/lib/action_dispatch/middleware/templates/rescues/diagnostics.html.erb within rescues/layout (14.6ms)
  Rendered /Users/ajravichandran/.rvm/gems/ruby-2.6.3/gems/web-console-2.3.0/lib/web_console/templates/_markup.html.erb (0.2ms)
  Rendered /Users/ajravichandran/.rvm/gems/ruby-2.6.3/gems/web-console-2.3.0/lib/web_console/templates/_inner_console_markup.html.erb within layouts/inlined_string (0.2ms)
  Rendered /Users/ajravichandran/.rvm/gems/ruby-2.6.3/gems/web-console-2.3.0/lib/web_console/templates/_prompt_box_markup.html.erb within layouts/inlined_string (0.2ms)
  Rendered /Users/ajravichandran/.rvm/gems/ruby-2.6.3/gems/web-console-2.3.0/lib/web_console/templates/style.css.erb within layouts/inlined_string (0.2ms)
  Rendered /Users/ajravichandran/.rvm/gems/ruby-2.6.3/gems/web-console-2.3.0/lib/web_console/templates/console.js.erb within layouts/javascript (10.4ms)
  Rendered /Users/ajravichandran/.rvm/gems/ruby-2.6.3/gems/web-console-2.3.0/lib/web_console/templates/main.js.erb within layouts/javascript (0.2ms)
  Rendered /Users/ajravichandran/.rvm/gems/ruby-2.6.3/gems/web-console-2.3.0/lib/web_console/templates/error_page.js.erb within layouts/javascript (0.2ms)
  Rendered /Users/ajravichandran/.rvm/gems/ruby-2.6.3/gems/web-console-2.3.0/lib/web_console/templates/index.html.erb (21.2ms)


Started GET "/recipes/index" for ::1 at 2020-03-03 16:02:27 +0530
Processing by RecipesController#index as HTML
  Rendered recipes/index.html.erb within layouts/application (0.5ms)
Completed 500 Internal Server Error in 601ms (ActiveRecord: 0.0ms)

SyntaxError (/Users/ajravichandran/Downloads/recipe_puppy_bootstrap-master/app/views/recipes/index.html.erb:22: syntax error, unexpected ensure, expecting end-of-input
          ensure
          ^~~~~~):
  app/views/recipes/index.html.erb:22: syntax error, unexpected ensure, expecting end-of-input


  Rendered /Users/ajravichandran/.rvm/rubies/ruby-2.6.3/lib/ruby/gems/2.6.0/gems/actionpack-4.2.11.1/lib/action_dispatch/middleware/templates/rescues/_source.erb (3.1ms)
  Rendered /Users/ajravichandran/.rvm/rubies/ruby-2.6.3/lib/ruby/gems/2.6.0/gems/actionpack-4.2.11.1/lib/action_dispatch/middleware/templates/rescues/_trace.html.erb (1.6ms)
  Rendered /Users/ajravichandran/.rvm/rubies/ruby-2.6.3/lib/ruby/gems/2.6.0/gems/actionpack-4.2.11.1/lib/action_dispatch/middleware/templates/rescues/_request_and_response.html.erb (0.6ms)
  Rendered /Users/ajravichandran/.rvm/rubies/ruby-2.6.3/lib/ruby/gems/2.6.0/gems/actionpack-4.2.11.1/lib/action_dispatch/middleware/templates/rescues/diagnostics.html.erb within rescues/layout (14.7ms)
  Rendered /Users/ajravichandran/.rvm/gems/ruby-2.6.3/gems/web-console-2.3.0/lib/web_console/templates/_markup.html.erb (0.2ms)
  Rendered /Users/ajravichandran/.rvm/gems/ruby-2.6.3/gems/web-console-2.3.0/lib/web_console/templates/_inner_console_markup.html.erb within layouts/inlined_string (0.3ms)
  Rendered /Users/ajravichandran/.rvm/gems/ruby-2.6.3/gems/web-console-2.3.0/lib/web_console/templates/_prompt_box_markup.html.erb within layouts/inlined_string (0.3ms)
  Rendered /Users/ajravichandran/.rvm/gems/ruby-2.6.3/gems/web-console-2.3.0/lib/web_console/templates/style.css.erb within layouts/inlined_string (0.2ms)
  Rendered /Users/ajravichandran/.rvm/gems/ruby-2.6.3/gems/web-console-2.3.0/lib/web_console/templates/console.js.erb within layouts/javascript (11.2ms)
  Rendered /Users/ajravichandran/.rvm/gems/ruby-2.6.3/gems/web-console-2.3.0/lib/web_console/templates/main.js.erb within layouts/javascript (0.1ms)
  Rendered /Users/ajravichandran/.rvm/gems/ruby-2.6.3/gems/web-console-2.3.0/lib/web_console/templates/error_page.js.erb within layouts/javascript (0.2ms)
  Rendered /Users/ajravichandran/.rvm/gems/ruby-2.6.3/gems/web-console-2.3.0/lib/web_console/templates/index.html.erb (21.2ms)


Started GET "/recipes/index" for ::1 at 2020-03-03 16:02:28 +0530
Processing by RecipesController#index as HTML
  Rendered recipes/index.html.erb within layouts/application (0.7ms)
Completed 500 Internal Server Error in 490ms (ActiveRecord: 0.0ms)

SyntaxError (/Users/ajravichandran/Downloads/recipe_puppy_bootstrap-master/app/views/recipes/index.html.erb:22: syntax error, unexpected ensure, expecting end-of-input
          ensure
          ^~~~~~):
  app/views/recipes/index.html.erb:22: syntax error, unexpected ensure, expecting end-of-input


  Rendered /Users/ajravichandran/.rvm/rubies/ruby-2.6.3/lib/ruby/gems/2.6.0/gems/actionpack-4.2.11.1/lib/action_dispatch/middleware/templates/rescues/_source.erb (3.1ms)
  Rendered /Users/ajravichandran/.rvm/rubies/ruby-2.6.3/lib/ruby/gems/2.6.0/gems/actionpack-4.2.11.1/lib/action_dispatch/middleware/templates/rescues/_trace.html.erb (1.6ms)
  Rendered /Users/ajravichandran/.rvm/rubies/ruby-2.6.3/lib/ruby/gems/2.6.0/gems/actionpack-4.2.11.1/lib/action_dispatch/middleware/templates/rescues/_request_and_response.html.erb (0.5ms)
  Rendered /Users/ajravichandran/.rvm/rubies/ruby-2.6.3/lib/ruby/gems/2.6.0/gems/actionpack-4.2.11.1/lib/action_dispatch/middleware/templates/rescues/diagnostics.html.erb within rescues/layout (14.8ms)
  Rendered /Users/ajravichandran/.rvm/gems/ruby-2.6.3/gems/web-console-2.3.0/lib/web_console/templates/_markup.html.erb (0.2ms)
  Rendered /Users/ajravichandran/.rvm/gems/ruby-2.6.3/gems/web-console-2.3.0/lib/web_console/templates/_inner_console_markup.html.erb within layouts/inlined_string (0.2ms)
  Rendered /Users/ajravichandran/.rvm/gems/ruby-2.6.3/gems/web-console-2.3.0/lib/web_console/templates/_prompt_box_markup.html.erb within layouts/inlined_string (0.2ms)
  Rendered /Users/ajravichandran/.rvm/gems/ruby-2.6.3/gems/web-console-2.3.0/lib/web_console/templates/style.css.erb within layouts/inlined_string (0.2ms)
  Rendered /Users/ajravichandran/.rvm/gems/ruby-2.6.3/gems/web-console-2.3.0/lib/web_console/templates/console.js.erb within layouts/javascript (10.6ms)
  Rendered /Users/ajravichandran/.rvm/gems/ruby-2.6.3/gems/web-console-2.3.0/lib/web_console/templates/main.js.erb within layouts/javascript (0.1ms)
  Rendered /Users/ajravichandran/.rvm/gems/ruby-2.6.3/gems/web-console-2.3.0/lib/web_console/templates/error_page.js.erb within layouts/javascript (0.3ms)
  Rendered /Users/ajravichandran/.rvm/gems/ruby-2.6.3/gems/web-console-2.3.0/lib/web_console/templates/index.html.erb (20.8ms)


Started PUT "/__web_console/repl_sessions/e583620cc9a23f798456cd10101ade57" for ::1 at 2020-03-03 16:02:43 +0530


Started GET "/recipes/index" for ::1 at 2020-03-03 16:03:03 +0530
Processing by RecipesController#index as HTML
  Rendered recipes/index.html.erb within layouts/application (2.8ms)
Completed 500 Internal Server Error in 604ms (ActiveRecord: 0.0ms)

ActionView::Template::Error (undefined method `title' for #<Hash:0x00007f99f1953890>):
    12:     <% @recipes.each do |recipe| %>
    13:     <tr> 
    14:     <td> whooo</td>
    15:     <td> <%= recipe.title %> </td>
    16:     <td> <%= recipe.ingredients %> </td>
    17:     </tr>
    18:     <% end %>
  app/views/recipes/index.html.erb:15:in `block in _app_views_recipes_index_html_erb__2209654036187678638_70149579901540'
  app/views/recipes/index.html.erb:12:in `each'
  app/views/recipes/index.html.erb:12:in `_app_views_recipes_index_html_erb__2209654036187678638_70149579901540'


  Rendered /Users/ajravichandran/.rvm/rubies/ruby-2.6.3/lib/ruby/gems/2.6.0/gems/actionpack-4.2.11.1/lib/action_dispatch/middleware/templates/rescues/_source.erb (2.6ms)
  Rendered /Users/ajravichandran/.rvm/rubies/ruby-2.6.3/lib/ruby/gems/2.6.0/gems/actionpack-4.2.11.1/lib/action_dispatch/middleware/templates/rescues/_trace.html.erb (1.4ms)
  Rendered /Users/ajravichandran/.rvm/rubies/ruby-2.6.3/lib/ruby/gems/2.6.0/gems/actionpack-4.2.11.1/lib/action_dispatch/middleware/templates/rescues/_request_and_response.html.erb (0.5ms)
  Rendered /Users/ajravichandran/.rvm/rubies/ruby-2.6.3/lib/ruby/gems/2.6.0/gems/actionpack-4.2.11.1/lib/action_dispatch/middleware/templates/rescues/template_error.html.erb within rescues/layout (13.4ms)
  Rendered /Users/ajravichandran/.rvm/gems/ruby-2.6.3/gems/web-console-2.3.0/lib/web_console/templates/_markup.html.erb (0.4ms)
  Rendered /Users/ajravichandran/.rvm/gems/ruby-2.6.3/gems/web-console-2.3.0/lib/web_console/templates/_inner_console_markup.html.erb within layouts/inlined_string (0.2ms)
  Rendered /Users/ajravichandran/.rvm/gems/ruby-2.6.3/gems/web-console-2.3.0/lib/web_console/templates/_prompt_box_markup.html.erb within layouts/inlined_string (0.1ms)
  Rendered /Users/ajravichandran/.rvm/gems/ruby-2.6.3/gems/web-console-2.3.0/lib/web_console/templates/style.css.erb within layouts/inlined_string (0.2ms)
  Rendered /Users/ajravichandran/.rvm/gems/ruby-2.6.3/gems/web-console-2.3.0/lib/web_console/templates/console.js.erb within layouts/javascript (10.3ms)
  Rendered /Users/ajravichandran/.rvm/gems/ruby-2.6.3/gems/web-console-2.3.0/lib/web_console/templates/main.js.erb within layouts/javascript (0.2ms)
  Rendered /Users/ajravichandran/.rvm/gems/ruby-2.6.3/gems/web-console-2.3.0/lib/web_console/templates/error_page.js.erb within layouts/javascript (0.2ms)
  Rendered /Users/ajravichandran/.rvm/gems/ruby-2.6.3/gems/web-console-2.3.0/lib/web_console/templates/index.html.erb (21.2ms)


Started PUT "/__web_console/repl_sessions/f4bdceccecabe2e912d408b7da3430b3" for ::1 at 2020-03-03 16:03:15 +0530


Started PUT "/__web_console/repl_sessions/f4bdceccecabe2e912d408b7da3430b3" for ::1 at 2020-03-03 16:03:45 +0530


Started PUT "/__web_console/repl_sessions/f4bdceccecabe2e912d408b7da3430b3" for ::1 at 2020-03-03 16:03:54 +0530


Started PUT "/__web_console/repl_sessions/f4bdceccecabe2e912d408b7da3430b3" for ::1 at 2020-03-03 16:04:01 +0530


Started PUT "/__web_console/repl_sessions/f4bdceccecabe2e912d408b7da3430b3" for ::1 at 2020-03-03 16:04:07 +0530


Started PUT "/__web_console/repl_sessions/f4bdceccecabe2e912d408b7da3430b3" for ::1 at 2020-03-03 16:04:38 +0530


Started GET "/recipes/index" for ::1 at 2020-03-03 16:05:15 +0530
Processing by RecipesController#index as HTML
  Rendered recipes/index.html.erb within layouts/application (0.6ms)
Completed 200 OK in 550ms (Views: 10.1ms | ActiveRecord: 0.0ms)


Started GET "/recipes/index" for ::1 at 2020-03-03 16:07:24 +0530
Processing by RecipesController#index as HTML
  Rendered recipes/index.html.erb within layouts/application (0.7ms)
Completed 200 OK in 532ms (Views: 9.5ms | ActiveRecord: 0.0ms)


Started GET "/recipes/index" for ::1 at 2020-03-03 16:08:36 +0530
Processing by RecipesController#index as HTML
  Rendered recipes/index.html.erb within layouts/application (0.7ms)
Completed 200 OK in 451ms (Views: 9.8ms | ActiveRecord: 0.0ms)


Started GET "/recipes/index" for ::1 at 2020-03-03 16:15:13 +0530
Processing by RecipesController#index as HTML
  Rendered recipes/index.html.erb within layouts/application (0.5ms)
Completed 500 Internal Server Error in 716ms (ActiveRecord: 0.0ms)

SyntaxError (/Users/ajravichandran/Downloads/recipe_puppy_bootstrap-master/app/views/recipes/index.html.erb:15: syntax error, unexpected ']', expecting ')'
...ecipe["title"], recipe["href"]] );@output_buffer.safe_append...
...                              ^
/Users/ajravichandran/Downloads/recipe_puppy_bootstrap-master/app/views/recipes/index.html.erb:18: syntax error, unexpected end, expecting ')'
'.freeze;     end 
              ^~~
/Users/ajravichandran/Downloads/recipe_puppy_bootstrap-master/app/views/recipes/index.html.erb:22: syntax error, unexpected ensure, expecting ')'
          ensure
          ^~~~~~
/Users/ajravichandran/Downloads/recipe_puppy_bootstrap-master/app/views/recipes/index.html.erb:24: syntax error, unexpected end, expecting ')'
          end
          ^~~):
  app/views/recipes/index.html.erb:15: syntax error, unexpected ']', expecting ')'
  app/views/recipes/index.html.erb:18: syntax error, unexpected end, expecting ')'
  app/views/recipes/index.html.erb:22: syntax error, unexpected ensure, expecting ')'
  app/views/recipes/index.html.erb:24: syntax error, unexpected end, expecting ')'


  Rendered /Users/ajravichandran/.rvm/rubies/ruby-2.6.3/lib/ruby/gems/2.6.0/gems/actionpack-4.2.11.1/lib/action_dispatch/middleware/templates/rescues/_source.erb (3.3ms)
  Rendered /Users/ajravichandran/.rvm/rubies/ruby-2.6.3/lib/ruby/gems/2.6.0/gems/actionpack-4.2.11.1/lib/action_dispatch/middleware/templates/rescues/_trace.html.erb (1.6ms)
  Rendered /Users/ajravichandran/.rvm/rubies/ruby-2.6.3/lib/ruby/gems/2.6.0/gems/actionpack-4.2.11.1/lib/action_dispatch/middleware/templates/rescues/_request_and_response.html.erb (0.5ms)
  Rendered /Users/ajravichandran/.rvm/rubies/ruby-2.6.3/lib/ruby/gems/2.6.0/gems/actionpack-4.2.11.1/lib/action_dispatch/middleware/templates/rescues/diagnostics.html.erb within rescues/layout (14.6ms)
  Rendered /Users/ajravichandran/.rvm/gems/ruby-2.6.3/gems/web-console-2.3.0/lib/web_console/templates/_markup.html.erb (0.2ms)
  Rendered /Users/ajravichandran/.rvm/gems/ruby-2.6.3/gems/web-console-2.3.0/lib/web_console/templates/_inner_console_markup.html.erb within layouts/inlined_string (0.2ms)
  Rendered /Users/ajravichandran/.rvm/gems/ruby-2.6.3/gems/web-console-2.3.0/lib/web_console/templates/_prompt_box_markup.html.erb within layouts/inlined_string (0.1ms)
  Rendered /Users/ajravichandran/.rvm/gems/ruby-2.6.3/gems/web-console-2.3.0/lib/web_console/templates/style.css.erb within layouts/inlined_string (0.2ms)
  Rendered /Users/ajravichandran/.rvm/gems/ruby-2.6.3/gems/web-console-2.3.0/lib/web_console/templates/console.js.erb within layouts/javascript (10.6ms)
  Rendered /Users/ajravichandran/.rvm/gems/ruby-2.6.3/gems/web-console-2.3.0/lib/web_console/templates/main.js.erb within layouts/javascript (0.2ms)
  Rendered /Users/ajravichandran/.rvm/gems/ruby-2.6.3/gems/web-console-2.3.0/lib/web_console/templates/error_page.js.erb within layouts/javascript (0.2ms)
  Rendered /Users/ajravichandran/.rvm/gems/ruby-2.6.3/gems/web-console-2.3.0/lib/web_console/templates/index.html.erb (20.9ms)


Started GET "/recipes/index" for ::1 at 2020-03-03 16:15:26 +0530
Processing by RecipesController#index as HTML
  Rendered recipes/index.html.erb within layouts/application (0.8ms)
Completed 200 OK in 502ms (Views: 9.4ms | ActiveRecord: 0.0ms)


Started GET "/recipes/index" for ::1 at 2020-03-03 16:15:47 +0530
Processing by RecipesController#index as HTML
  Rendered recipes/index.html.erb within layouts/application (0.8ms)
Completed 500 Internal Server Error in 535ms (ActiveRecord: 0.0ms)

SyntaxError (/Users/ajravichandran/Downloads/recipe_puppy_bootstrap-master/app/views/recipes/index.html.erb:15: syntax error, unexpected ',', expecting ')'
...end=( link_to(recipe["title"]), recipe["href"] );@output_buf...
...                              ^):
  app/views/recipes/index.html.erb:15: syntax error, unexpected ',', expecting ')'


  Rendered /Users/ajravichandran/.rvm/rubies/ruby-2.6.3/lib/ruby/gems/2.6.0/gems/actionpack-4.2.11.1/lib/action_dispatch/middleware/templates/rescues/_source.erb (11.4ms)
  Rendered /Users/ajravichandran/.rvm/rubies/ruby-2.6.3/lib/ruby/gems/2.6.0/gems/actionpack-4.2.11.1/lib/action_dispatch/middleware/templates/rescues/_trace.html.erb (1.7ms)
  Rendered /Users/ajravichandran/.rvm/rubies/ruby-2.6.3/lib/ruby/gems/2.6.0/gems/actionpack-4.2.11.1/lib/action_dispatch/middleware/templates/rescues/_request_and_response.html.erb (0.7ms)
  Rendered /Users/ajravichandran/.rvm/rubies/ruby-2.6.3/lib/ruby/gems/2.6.0/gems/actionpack-4.2.11.1/lib/action_dispatch/middleware/templates/rescues/diagnostics.html.erb within rescues/layout (22.6ms)
  Rendered /Users/ajravichandran/.rvm/gems/ruby-2.6.3/gems/web-console-2.3.0/lib/web_console/templates/_markup.html.erb (0.3ms)
  Rendered /Users/ajravichandran/.rvm/gems/ruby-2.6.3/gems/web-console-2.3.0/lib/web_console/templates/_inner_console_markup.html.erb within layouts/inlined_string (0.2ms)
  Rendered /Users/ajravichandran/.rvm/gems/ruby-2.6.3/gems/web-console-2.3.0/lib/web_console/templates/_prompt_box_markup.html.erb within layouts/inlined_string (0.2ms)
  Rendered /Users/ajravichandran/.rvm/gems/ruby-2.6.3/gems/web-console-2.3.0/lib/web_console/templates/style.css.erb within layouts/inlined_string (0.2ms)
  Rendered /Users/ajravichandran/.rvm/gems/ruby-2.6.3/gems/web-console-2.3.0/lib/web_console/templates/console.js.erb within layouts/javascript (10.3ms)
  Rendered /Users/ajravichandran/.rvm/gems/ruby-2.6.3/gems/web-console-2.3.0/lib/web_console/templates/main.js.erb within layouts/javascript (0.2ms)
  Rendered /Users/ajravichandran/.rvm/gems/ruby-2.6.3/gems/web-console-2.3.0/lib/web_console/templates/error_page.js.erb within layouts/javascript (0.3ms)
  Rendered /Users/ajravichandran/.rvm/gems/ruby-2.6.3/gems/web-console-2.3.0/lib/web_console/templates/index.html.erb (21.5ms)


Started GET "/recipes/index" for ::1 at 2020-03-03 16:15:56 +0530
Processing by RecipesController#index as HTML
  Rendered recipes/index.html.erb within layouts/application (0.8ms)
Completed 200 OK in 1316ms (Views: 10.1ms | ActiveRecord: 0.0ms)
DEPRECATION WARNING: Defining a route where `to` is a controller without an action is deprecated. Please change `to: 'recipes/index'` to `controller: 'recipes/index'`. (called from block in <top (required)> at /Users/ajravichandran/Downloads/recipe_puppy_bootstrap-master/config/routes.rb:3)


Started GET "/" for ::1 at 2020-03-03 16:23:46 +0530
Processing by RecipesController#index as HTML
  Rendered recipes/index.html.erb within layouts/application (3.5ms)
Completed 500 Internal Server Error in 527ms (ActiveRecord: 0.0ms)

ActionView::Template::Error (no implicit conversion of Symbol into Integer):
    12:     <% @recipes.each do |recipe| %>
    13:     <tr> 
    14:     <td> <%= image_tag(recipe["thumbnail"]) %></td>
    15:     <td> <%= link_to(sanitize recipe["title"], recipe["href"]) %> </td>
    16:     <td> <%= recipe["ingredients"] %> </td>
    17:     </tr>
    18:     <% end %>
  app/views/recipes/index.html.erb:15:in `block in _app_views_recipes_index_html_erb___4171606643141769116_70229858788020'
  app/views/recipes/index.html.erb:12:in `each'
  app/views/recipes/index.html.erb:12:in `_app_views_recipes_index_html_erb___4171606643141769116_70229858788020'


  Rendered /Users/ajravichandran/.rvm/rubies/ruby-2.6.3/lib/ruby/gems/2.6.0/gems/actionpack-4.2.11.1/lib/action_dispatch/middleware/templates/rescues/_source.erb (3.4ms)
  Rendered /Users/ajravichandran/.rvm/rubies/ruby-2.6.3/lib/ruby/gems/2.6.0/gems/actionpack-4.2.11.1/lib/action_dispatch/middleware/templates/rescues/_trace.html.erb (1.7ms)
  Rendered /Users/ajravichandran/.rvm/rubies/ruby-2.6.3/lib/ruby/gems/2.6.0/gems/actionpack-4.2.11.1/lib/action_dispatch/middleware/templates/rescues/_request_and_response.html.erb (0.6ms)
  Rendered /Users/ajravichandran/.rvm/rubies/ruby-2.6.3/lib/ruby/gems/2.6.0/gems/actionpack-4.2.11.1/lib/action_dispatch/middleware/templates/rescues/template_error.html.erb within rescues/layout (19.8ms)
  Rendered /Users/ajravichandran/.rvm/gems/ruby-2.6.3/gems/web-console-2.3.0/lib/web_console/templates/_markup.html.erb (0.3ms)
  Rendered /Users/ajravichandran/.rvm/gems/ruby-2.6.3/gems/web-console-2.3.0/lib/web_console/templates/_inner_console_markup.html.erb within layouts/inlined_string (0.2ms)
  Rendered /Users/ajravichandran/.rvm/gems/ruby-2.6.3/gems/web-console-2.3.0/lib/web_console/templates/_prompt_box_markup.html.erb within layouts/inlined_string (0.2ms)
  Rendered /Users/ajravichandran/.rvm/gems/ruby-2.6.3/gems/web-console-2.3.0/lib/web_console/templates/style.css.erb within layouts/inlined_string (0.3ms)
  Rendered /Users/ajravichandran/.rvm/gems/ruby-2.6.3/gems/web-console-2.3.0/lib/web_console/templates/console.js.erb within layouts/javascript (18.1ms)
  Rendered /Users/ajravichandran/.rvm/gems/ruby-2.6.3/gems/web-console-2.3.0/lib/web_console/templates/main.js.erb within layouts/javascript (0.1ms)
  Rendered /Users/ajravichandran/.rvm/gems/ruby-2.6.3/gems/web-console-2.3.0/lib/web_console/templates/error_page.js.erb within layouts/javascript (0.2ms)
  Rendered /Users/ajravichandran/.rvm/gems/ruby-2.6.3/gems/web-console-2.3.0/lib/web_console/templates/index.html.erb (36.6ms)


Started GET "/" for ::1 at 2020-03-03 16:32:51 +0530
Processing by RecipesController#index as HTML
  Rendered recipes/index.html.erb within layouts/application (1.6ms)
Completed 200 OK in 760ms (Views: 167.8ms | ActiveRecord: 0.0ms)


Started GET "/?search=amarula" for ::1 at 2020-03-03 16:35:12 +0530
Processing by RecipesController#index as HTML
  Parameters: {"search"=>"amarula"}
  Rendered recipes/index.html.erb within layouts/application (0.9ms)
Completed 200 OK in 948ms (Views: 10.0ms | ActiveRecord: 0.0ms)


Started GET "/recipes/index" for ::1 at 2020-03-03 16:35:59 +0530
Processing by RecipesController#index as HTML
  Rendered recipes/index.html.erb within layouts/application (0.7ms)
Completed 200 OK in 484ms (Views: 11.3ms | ActiveRecord: 0.0ms)


Started GET "/?query=bread" for ::1 at 2020-03-03 16:36:48 +0530
Processing by RecipesController#index as HTML
  Parameters: {"query"=>"bread"}
  Rendered recipes/index.html.erb within layouts/application (0.4ms)
Completed 200 OK in 589ms (Views: 9.9ms | ActiveRecord: 0.0ms)


Started GET "/?query=bread" for ::1 at 2020-03-03 16:37:11 +0530
Processing by RecipesController#index as HTML
  Parameters: {"query"=>"bread"}
  Rendered recipes/index.html.erb within layouts/application (0.4ms)
Completed 200 OK in 627ms (Views: 10.2ms | ActiveRecord: 0.0ms)


Started GET "/?query=bread" for ::1 at 2020-03-03 16:37:40 +0530
Processing by RecipesController#index as HTML
  Parameters: {"query"=>"bread"}
  Rendered recipes/index.html.erb within layouts/application (0.4ms)
Completed 200 OK in 98397ms (Views: 12.0ms | ActiveRecord: 0.0ms)


Started GET "/?query=bread" for ::1 at 2020-03-03 16:39:18 +0530
Processing by RecipesController#index as HTML
  Parameters: {"query"=>"bread"}
  Rendered recipes/index.html.erb within layouts/application (0.4ms)
Completed 200 OK in 503ms (Views: 12.0ms | ActiveRecord: 0.0ms)


Started GET "/?query=bread" for ::1 at 2020-03-03 16:39:23 +0530
Processing by RecipesController#index as HTML
  Parameters: {"query"=>"bread"}
  Rendered recipes/index.html.erb within layouts/application (0.5ms)
Completed 200 OK in 628ms (Views: 10.0ms | ActiveRecord: 0.0ms)


Started GET "/?query=bread" for ::1 at 2020-03-03 16:39:47 +0530
Processing by RecipesController#index as HTML
  Parameters: {"query"=>"bread"}
  Rendered recipes/index.html.erb within layouts/application (0.4ms)
Completed 200 OK in 622ms (Views: 12.2ms | ActiveRecord: 0.0ms)


Started GET "/?query=bread" for ::1 at 2020-03-03 16:40:10 +0530
Processing by RecipesController#index as HTML
  Parameters: {"query"=>"bread"}
  Rendered recipes/index.html.erb within layouts/application (0.4ms)
Completed 200 OK in 469ms (Views: 12.6ms | ActiveRecord: 0.0ms)


Started GET "/" for ::1 at 2020-03-03 16:40:14 +0530
Processing by RecipesController#index as HTML
  Rendered recipes/index.html.erb within layouts/application (0.4ms)
Completed 200 OK in 539ms (Views: 9.6ms | ActiveRecord: 0.0ms)


Started GET "/" for ::1 at 2020-03-03 16:40:28 +0530
Processing by RecipesController#index as HTML
  Rendered recipes/index.html.erb within layouts/application (0.4ms)
Completed 200 OK in 637ms (Views: 12.6ms | ActiveRecord: 0.0ms)


Started GET "/?bsearch=bread" for ::1 at 2020-03-03 16:40:36 +0530
Processing by RecipesController#index as HTML
  Parameters: {"bsearch"=>"bread"}
  Rendered recipes/index.html.erb within layouts/application (0.5ms)
Completed 200 OK in 579ms (Views: 10.5ms | ActiveRecord: 0.0ms)


Started GET "/?bsearch=bread" for ::1 at 2020-03-03 16:40:48 +0530
Processing by RecipesController#index as HTML
  Parameters: {"bsearch"=>"bread"}
  Rendered recipes/index.html.erb within layouts/application (0.4ms)
Completed 200 OK in 549ms (Views: 12.7ms | ActiveRecord: 0.0ms)


Started GET "/?bsearch=bread" for ::1 at 2020-03-03 16:40:51 +0530
Processing by RecipesController#index as HTML
  Parameters: {"bsearch"=>"bread"}
  Rendered recipes/index.html.erb within layouts/application (0.5ms)
Completed 200 OK in 618ms (Views: 9.6ms | ActiveRecord: 0.0ms)


Started GET "/?bsearch=bread" for ::1 at 2020-03-03 16:41:07 +0530
Processing by RecipesController#index as HTML
  Parameters: {"bsearch"=>"bread"}
  Rendered recipes/index.html.erb within layouts/application (0.6ms)
Completed 200 OK in 18535ms (Views: 17.1ms | ActiveRecord: 0.0ms)


Started GET "/?search=bread" for ::1 at 2020-03-03 16:41:25 +0530
Processing by RecipesController#index as HTML
  Parameters: {"search"=>"bread"}
  Rendered recipes/index.html.erb within layouts/application (0.5ms)
Completed 200 OK in 14757ms (Views: 13.6ms | ActiveRecord: 0.0ms)


Started GET "/?bsearch=bread" for ::1 at 2020-03-03 16:41:40 +0530
Processing by RecipesController#index as HTML
  Parameters: {"bsearch"=>"bread"}
  Rendered recipes/index.html.erb within layouts/application (0.6ms)
Completed 200 OK in 462ms (Views: 16.1ms | ActiveRecord: 0.0ms)


Started GET "/?bsearch=bread" for ::1 at 2020-03-03 16:41:43 +0530
Processing by RecipesController#index as HTML
  Parameters: {"bsearch"=>"bread"}
  Rendered recipes/index.html.erb within layouts/application (1.1ms)
Completed 200 OK in 600ms (Views: 35.5ms | ActiveRecord: 0.0ms)


Started GET "/?search=bread" for ::1 at 2020-03-03 16:41:52 +0530
Processing by RecipesController#index as HTML
  Parameters: {"search"=>"bread"}
  Rendered recipes/index.html.erb within layouts/application (0.4ms)
Completed 200 OK in 4493ms (Views: 9.6ms | ActiveRecord: 0.0ms)


Started GET "/?search=bread" for ::1 at 2020-03-03 16:42:09 +0530
Processing by RecipesController#index as HTML
  Parameters: {"search"=>"bread"}
  Rendered recipes/index.html.erb within layouts/application (0.3ms)
Completed 200 OK in 585ms (Views: 9.6ms | ActiveRecord: 0.0ms)


Started GET "/?search=bread" for ::1 at 2020-03-03 16:42:11 +0530
Processing by RecipesController#index as HTML
  Parameters: {"search"=>"bread"}
  Rendered recipes/index.html.erb within layouts/application (0.4ms)
Completed 200 OK in 542ms (Views: 9.5ms | ActiveRecord: 0.0ms)


Started GET "/" for ::1 at 2020-03-03 16:42:48 +0530
Processing by RecipesController#index as HTML
  Rendered recipes/index.html.erb within layouts/application (0.4ms)
Completed 200 OK in 481ms (Views: 9.7ms | ActiveRecord: 0.0ms)


Started GET "/?search=bread" for ::1 at 2020-03-03 16:42:55 +0530
Processing by RecipesController#index as HTML
  Parameters: {"search"=>"bread"}
  Rendered recipes/index.html.erb within layouts/application (0.5ms)
Completed 200 OK in 645ms (Views: 9.8ms | ActiveRecord: 0.0ms)


Started GET "/?search=bread" for ::1 at 2020-03-03 16:43:11 +0530
Processing by RecipesController#index as HTML
  Parameters: {"search"=>"bread"}
  Rendered recipes/index.html.erb within layouts/application (0.4ms)
Completed 200 OK in 829ms (Views: 12.0ms | ActiveRecord: 0.0ms)


Started GET "/?search=bread" for ::1 at 2020-03-03 16:43:29 +0530
Processing by RecipesController#index as HTML
  Parameters: {"search"=>"bread"}
  Rendered recipes/index.html.erb within layouts/application (0.4ms)
Completed 200 OK in 586ms (Views: 11.4ms | ActiveRecord: 0.0ms)


Started GET "/" for ::1 at 2020-03-03 16:49:15 +0530
Processing by RecipesController#index as HTML
  Rendered recipes/index.html.erb within layouts/application (2.3ms)
Completed 200 OK in 815ms (Views: 180.2ms | ActiveRecord: 0.0ms)
